<?xml version="1.0" encoding="UTF-8"?>
<!-- Generated by org.testng.reporters.JUnitXMLReporter -->
<testsuite ignored="3" hostname="DESKTOP-IJBRCTE" failures="0" tests="9" name="Surefire test" time="49.147" errors="0" timestamp="2025-01-30T23:24:14 PST">
  <testcase classname="Tfar.tests.CartPageTests" name="testJsonData" time="1.524"/>
  <testcase classname="Tfar.tests.CartPageTests" name="testJsonData" time="1.351"/>
  <testcase classname="Tfar.tests.CartPageTests" name="testJsonData" time="1.387"/>
  <testcase classname="Tfar.tests.LoginPageTests" name="LoginTest" time="1.706"/>
  <testcase classname="Tfar.tests.LoginPageTests" name="LoginTestInValidCredentials" time="0.833"/>
  <testcase classname="Tfar.tests.LoginPageTests" name="LoginTestLockedOutUser" time="0.726"/>
  <testcase classname="Tfar.tests.ProductsPageTests" name="LogoutTest" time="1.512"/>
  <testcase classname="Tfar.tests.ProductsPageTests" name="ProductDisplay" time="1.07"/>
  <testcase classname="Tfar.tests.ProductsPageTests" name="addToCart" time="1.11"/>
  <testcase classname="Tfar.TestComponents.BaseTest" name="@BeforeSuite setupSuite" time="0.0">
    <ignored/>
  </testcase> <!-- @BeforeSuite setupSuite -->
  <testcase classname="Tfar.TestComponents.BaseTest" name="@BeforeSuite setupSuite" time="0.0">
    <ignored/>
  </testcase> <!-- @BeforeSuite setupSuite -->
  <testcase classname="Tfar.TestComponents.BaseTest" name="@BeforeSuite setupSuite" time="0.0">
    <ignored/>
  </testcase> <!-- @BeforeSuite setupSuite -->
</testsuite> <!-- Surefire test -->
