<?xml version="1.0" encoding="UTF-8"?>
<!-- Generated by org.testng.reporters.JUnitXMLReporter -->
<testsuite ignored="0" hostname="DESKTOP-IJBRCTE" failures="0" tests="3" name="CartPageTests" time="43.728" errors="0" timestamp="2025-01-31T01:11:01 PST">
  <testcase classname="Tfar.tests.CartPageTests" name="testJsonData" time="4.12"/>
  <testcase classname="Tfar.tests.CartPageTests" name="testJsonData" time="1.59"/>
  <testcase classname="Tfar.tests.CartPageTests" name="testJsonData" time="4.769"/>
</testsuite> <!-- CartPageTests -->
