<?xml version="1.0" encoding="UTF-8"?>
<!-- Generated by org.testng.reporters.JUnitXMLReporter -->
<testsuite ignored="0" hostname="DESKTOP-IJBRCTE" failures="0" tests="3" name="LoginTests" time="46.647" errors="0" timestamp="2025-01-31T01:11:03 PST">
  <testcase classname="Tfar.tests.LoginPageTests" name="LoginTest" time="2.85"/>
  <testcase classname="Tfar.tests.LoginPageTests" name="LoginTestInValidCredentials" time="2.286"/>
  <testcase classname="Tfar.tests.LoginPageTests" name="LoginTestLockedOutUser" time="0.853"/>
</testsuite> <!-- LoginTests -->
