<?xml version="1.0" encoding="UTF-8"?>
<!-- Generated by org.testng.reporters.JUnitXMLReporter -->
<testsuite ignored="0" hostname="DESKTOP-IJBRCTE" failures="0" tests="3" name="ProductPageTests" time="43.769" errors="0" timestamp="2025-01-31T01:11:01 PST">
  <testcase classname="Tfar.tests.ProductsPageTests" name="LogoutTest" time="2.929"/>
  <testcase classname="Tfar.tests.ProductsPageTests" name="ProductDisplay" time="1.161"/>
  <testcase classname="Tfar.tests.ProductsPageTests" name="addToCart" time="1.432"/>
</testsuite> <!-- ProductPageTests -->
