<?xml version="1.0" encoding="UTF-8"?>
<testsuite xmlns:xsi="http://www.w3.org/2001/XMLSchema-instance" xsi:noNamespaceSchemaLocation="https://maven.apache.org/surefire/maven-surefire-plugin/xsd/surefire-test-report.xsd" version="3.0.2" name="TestSuite" time="49.327" tests="9" errors="0" skipped="0" failures="0">
  <properties>
[...]
</properties>
  <testcase name="testJsonData[{password=secret_sauce, product=Sauce Labs Backpack, user_name=standard_user}](1)" classname="Tfar.tests.CartPageTests" time="1.837">
    <system-err><![CDATA[SLF4J: Failed to load class "org.slf4j.impl.StaticLoggerBinder".
SLF4J: Defaulting to no-operation (NOP) logger implementation
SLF4J: See http://www.slf4j.org/codes.html#StaticLoggerBinder for further details.
Jan 31, 2025 1:10:22 AM org.openqa.selenium.devtools.CdpVersionFinder findNearestMatch
WARNING: Unable to find an exact match for CDP version 132, returning the closest version; found: 131; Please update to a Selenium version that supports CDP version 132
Jan 31, 2025 1:10:22 AM org.openqa.selenium.devtools.CdpVersionFinder findNearestMatch
WARNING: Unable to find an exact match for CDP version 132, returning the closest version; found: 131; Please update to a Selenium version that supports CDP version 132
Jan 31, 2025 1:10:22 AM org.openqa.selenium.devtools.CdpVersionFinder findNearestMatch
WARNING: Unable to find an exact match for CDP version 132, returning the closest version; found: 131; Please update to a Selenium version that supports CDP version 132
]]></system-err>
  </testcase>
  <testcase name="testJsonData[{password=secret_sauce, product=Sauce Labs Bike Light, user_name=problem_user}](2)" classname="Tfar.tests.CartPageTests" time="1.59"/>
  <testcase name="testJsonData[{password=secret_sauce, product=Sauce Labs Bolt T-Shirt, user_name=visual_user}](3)" classname="Tfar.tests.CartPageTests" time="1.877"/>
  <testcase name="LogoutTest" classname="Tfar.tests.ProductsPageTests" time="2.644"/>
  <testcase name="ProductDisplay" classname="Tfar.tests.ProductsPageTests" time="1.159">
    <system-err><![CDATA[Jan 31, 2025 1:10:40 AM org.openqa.selenium.devtools.CdpVersionFinder findNearestMatch
WARNING: Unable to find an exact match for CDP version 132, returning the closest version; found: 131; Please update to a Selenium version that supports CDP version 132
]]></system-err>
  </testcase>
  <testcase name="addToCart" classname="Tfar.tests.ProductsPageTests" time="1.434">
    <system-err><![CDATA[Jan 31, 2025 1:10:48 AM org.openqa.selenium.devtools.CdpVersionFinder findNearestMatch
WARNING: Unable to find an exact match for CDP version 132, returning the closest version; found: 131; Please update to a Selenium version that supports CDP version 132
Jan 31, 2025 1:10:51 AM org.openqa.selenium.devtools.CdpVersionFinder findNearestMatch
WARNING: Unable to find an exact match for CDP version 132, returning the closest version; found: 131; Please update to a Selenium version that supports CDP version 132
]]></system-err>
  </testcase>
  <testcase name="LoginTest" classname="Tfar.tests.LoginPageTests" time="2.851"/>
  <testcase name="LoginTestInValidCredentials" classname="Tfar.tests.LoginPageTests" time="2.287">
    <system-err><![CDATA[Jan 31, 2025 1:10:33 AM org.openqa.selenium.devtools.CdpVersionFinder findNearestMatch
WARNING: Unable to find an exact match for CDP version 132, returning the closest version; found: 131; Please update to a Selenium version that supports CDP version 132
Jan 31, 2025 1:10:36 AM org.openqa.selenium.devtools.CdpVersionFinder findNearestMatch
WARNING: Unable to find an exact match for CDP version 132, returning the closest version; found: 131; Please update to a Selenium version that supports CDP version 132
]]></system-err>
  </testcase>
  <testcase name="LoginTestLockedOutUser" classname="Tfar.tests.LoginPageTests" time="0.853">
    <system-err><![CDATA[Jan 31, 2025 1:10:57 AM org.openqa.selenium.devtools.CdpVersionFinder findNearestMatch
WARNING: Unable to find an exact match for CDP version 132, returning the closest version; found: 131; Please update to a Selenium version that supports CDP version 132
]]></system-err>
  </testcase>
</testsuite>